[2025-11-26 14:03:18] Server starting
[2025-11-26 14:03:18] Worker 0 started
[2025-11-26 14:03:18] Worker 2 started
[2025-11-26 14:03:18] Worker 1 started
[2025-11-26 14:03:18] Worker 3 started
[2025-11-26 14:03:19] Worker 1: New connection accepted (fd: 4)
[2025-11-26 14:03:19] Worker 1: New connection accepted (fd: 5)
[2025-11-26 14:03:19] Worker 1: New connection accepted (fd: 6)
[2025-11-26 14:05:32] Server starting
[2025-11-26 14:05:32] Worker 0 started
[2025-11-26 14:05:32] Worker 1 started
[2025-11-26 14:05:32] Worker 2 started
[2025-11-26 14:05:32] Worker 3 started
[2025-11-26 14:05:37] Server starting
[2025-11-26 14:05:37] Worker 0 started
[2025-11-26 14:05:37] Worker 1 started
[2025-11-26 14:05:37] Worker 2 started
[2025-11-26 14:05:37] Worker 3 started
[2025-11-26 14:05:43] Worker 2: New connection accepted (fd: 4)
[2025-11-26 14:05:43] Worker 2: New connection accepted (fd: 5)
[2025-11-26 14:05:43] Worker 3: New connection accepted (fd: 4)
[2025-11-26 14:05:53] Worker 3: New connection accepted (fd: 5)
[2025-11-26 14:13:47] Server starting
[2025-11-26 14:13:47] Worker 0 started
[2025-11-26 14:13:47] Worker 1 started
[2025-11-26 14:13:47] Worker 2 started
[2025-11-26 14:13:47] Worker 3 started
[2025-11-26 14:17:58] Server starting
[2025-11-26 14:17:58] Worker 0 started
[2025-11-26 14:17:58] Worker 1 started
[2025-11-26 14:17:58] Worker 2 started
[2025-11-26 14:17:58] Worker 3 started
[2025-11-26 14:21:55] Server starting
[2025-11-26 14:21:55] Worker 1 started
[2025-11-26 14:21:55] Worker 0 started
[2025-11-26 14:21:55] Worker 2 started
[2025-11-26 14:21:55] Worker 3 started
[2025-11-26 14:21:57] GET /index.html - 200
[2025-11-26 14:22:01] GET /index.html - 200
[2025-11-26 14:22:01] GET /.well-known/appspecific/com.chrome.devtools.json - 404
[2025-11-26 14:22:01] GET /style.css - 200
[2025-11-26 14:22:02] GET /favicon.ico - 404
[2025-11-26 14:22:08] GET /test.txt - 200
[2025-11-26 14:22:08] GET /.well-known/appspecific/com.chrome.devtools.json - 404
[2025-11-26 14:22:10] GET /style.css - 200
[2025-11-26 14:22:10] GET /.well-known/appspecific/com.chrome.devtools.json - 404
[2025-11-26 14:22:11] GET /.well-known/appspecific/com.chrome.devtools.json - 404
[2025-11-26 14:22:11] GET /image.jpg - 404
[2025-11-26 14:22:11] GET /.well-known/appspecific/com.chrome.devtools.json - 404
[2025-11-26 14:22:13] GET /.well-known/appspecific/com.chrome.devtools.json - 404
[2025-11-26 14:22:13] GET /.well-known/appspecific/com.chrome.devtools.json - 404
